# JRE version: OpenJDK Runtime Environment (21.0.3) (build 21.0.3+-12282718-b509.11)
# Java VM: OpenJDK 64-Bit Server VM (21.0.3+-12282718-b509.11, mixed mode, tiered, compressed oops, compressed class ptrs, g1 gc, windows-amd64)
GC Precious Log:
 CardTable entry size: 512
 Card Set container configuration: InlinePtr #cards 5 size 8 Array Of Cards #cards 12 size 40 Howl #buckets 4 coarsen threshold 1843 Howl Bitmap #cards 512 size 80 coarsen threshold 460 Card regions per heap region 1 cards per card region 2048
 CPUs: 4 total, 4 available
 Memory: 3503M
 Large Page Support: Disabled
 NUMA Support: Disabled
 Compressed Oops: Enabled (32-bit)
 Heap Region Size: 1M
 Heap Min Capacity: 8M
 Heap Initial Capacity: 56M
 Heap Max Capacity: 2G
 Pre-touch: Disabled
 Parallel Workers: 4
 Concurrent Workers: 1
 Concurrent Refinement Workers: 4
 Periodic GC: Disabled
Heap:
 garbage-first heap   total 278528K, used 190859K [0x0000000080000000, 0x0000000100000000)
  region size 1024K, 32 young (32768K), 10 survivors (10240K)
 Metaspace       used 114965K, committed 117248K, reserved 1179648K
  class space    used 15544K, committed 16704K, reserved 1048576K
GC Heap History (20 events):
Event: 53.157 GC heap before
{Heap before GC invocations=43 (full 0):
 garbage-first heap   total 184320K, used 166582K [0x0000000080000000, 0x0000000100000000)
  region size 1024K, 54 young (55296K), 3 survivors (3072K)
 Metaspace       used 94075K, committed 96000K, reserved 1179648K
  class space    used 12617K, committed 13568K, reserved 1048576K
}
Event: 53.167 GC heap after
{Heap after GC invocations=44 (full 0):
 garbage-first heap   total 184320K, used 116582K [0x0000000080000000, 0x0000000100000000)
  region size 1024K, 5 young (5120K), 5 survivors (5120K)
 Metaspace       used 94075K, committed 96000K, reserved 1179648K
  class space    used 12617K, committed 13568K, reserved 1048576K
}
Event: 56.367 GC heap before
{Heap before GC invocations=45 (full 0):
 garbage-first heap   total 198656K, used 170854K [0x0000000080000000, 0x0000000100000000)
  region size 1024K, 55 young (56320K), 5 survivors (5120K)
 Metaspace       used 95578K, committed 97536K, reserved 1179648K
  class space    used 12849K, committed 13824K, reserved 1048576K
}
Event: 56.396 GC heap after
{Heap after GC invocations=46 (full 0):
 garbage-first heap   total 198656K, used 124835K [0x0000000080000000, 0x0000000100000000)
  region size 1024K, 7 young (7168K), 7 survivors (7168K)
 Metaspace       used 95578K, committed 97536K, reserved 1179648K
  class space    used 12849K, committed 13824K, reserved 1048576K
}
Event: 66.305 GC heap before
{Heap before GC invocations=46 (full 0):
 garbage-first heap   total 198656K, used 181155K [0x0000000080000000, 0x0000000100000000)
  region size 1024K, 61 young (62464K), 7 survivors (7168K)
 Metaspace       used 99834K, committed 101824K, reserved 1179648K
  class space    used 13415K, committed 14400K, reserved 1048576K
}
Event: 66.337 GC heap after
{Heap after GC invocations=47 (full 0):
 garbage-first heap   total 198656K, used 126255K [0x0000000080000000, 0x0000000100000000)
  region size 1024K, 3 young (3072K), 3 survivors (3072K)
 Metaspace       used 99834K, committed 101824K, reserved 1179648K
  class space    used 13415K, committed 14400K, reserved 1048576K
}
Event: 68.380 GC heap before
{Heap before GC invocations=47 (full 0):
 garbage-first heap   total 198656K, used 181551K [0x0000000080000000, 0x0000000100000000)
  region size 1024K, 57 young (58368K), 3 survivors (3072K)
 Metaspace       used 104172K, committed 106176K, reserved 1179648K
  class space    used 14170K, committed 15168K, reserved 1048576K
}
Event: 68.390 GC heap after
{Heap after GC invocations=48 (full 0):
 garbage-first heap   total 198656K, used 128177K [0x0000000080000000, 0x0000000100000000)
  region size 1024K, 5 young (5120K), 5 survivors (5120K)
 Metaspace       used 104172K, committed 106176K, reserved 1179648K
  class space    used 14170K, committed 15168K, reserved 1048576K
}
Event: 70.790 GC heap before
{Heap before GC invocations=49 (full 0):
 garbage-first heap   total 230400K, used 179377K [0x0000000080000000, 0x0000000100000000)
  region size 1024K, 56 young (57344K), 5 survivors (5120K)
 Metaspace       used 107298K, committed 109376K, reserved 1179648K
  class space    used 14593K, committed 15616K, reserved 1048576K
}
Event: 70.813 GC heap after
{Heap after GC invocations=50 (full 0):
 garbage-first heap   total 230400K, used 133120K [0x0000000080000000, 0x0000000100000000)
  region size 1024K, 7 young (7168K), 7 survivors (7168K)
 Metaspace       used 107298K, committed 109376K, reserved 1179648K
  class space    used 14593K, committed 15616K, reserved 1048576K
}
Event: 77.936 GC heap before
{Heap before GC invocations=50 (full 0):
 garbage-first heap   total 230400K, used 227328K [0x0000000080000000, 0x0000000100000000)
  region size 1024K, 81 young (82944K), 7 survivors (7168K)
 Metaspace       used 114959K, committed 117248K, reserved 1179648K
  class space    used 15544K, committed 16704K, reserved 1048576K
}
Event: 78.044 GC heap after
{Heap after GC invocations=51 (full 0):
 garbage-first heap   total 246784K, used 155999K [0x0000000080000000, 0x0000000100000000)
  region size 1024K, 11 young (11264K), 11 survivors (11264K)
 Metaspace       used 114959K, committed 117248K, reserved 1179648K
  class space    used 15544K, committed 16704K, reserved 1048576K
}
Event: 89.774 GC heap before
{Heap before GC invocations=51 (full 0):
 garbage-first heap   total 246784K, used 221535K [0x0000000080000000, 0x0000000100000000)
  region size 1024K, 75 young (76800K), 11 survivors (11264K)
 Metaspace       used 114964K, committed 117248K, reserved 1179648K
  class space    used 15544K, committed 16704K, reserved 1048576K
}
Event: 89.843 GC heap after
{Heap after GC invocations=52 (full 0):
 garbage-first heap   total 246784K, used 161841K [0x0000000080000000, 0x0000000100000000)
  region size 1024K, 6 young (6144K), 6 survivors (6144K)
 Metaspace       used 114964K, committed 117248K, reserved 1179648K
  class space    used 15544K, committed 16704K, reserved 1048576K
}
Event: 90.735 GC heap before
{Heap before GC invocations=52 (full 0):
 garbage-first heap   total 246784K, used 223281K [0x0000000080000000, 0x0000000100000000)
  region size 1024K, 66 young (67584K), 6 survivors (6144K)
 Metaspace       used 114964K, committed 117248K, reserved 1179648K
  class space    used 15544K, committed 16704K, reserved 1048576K
}
Event: 90.748 GC heap after
{Heap after GC invocations=53 (full 0):
 garbage-first heap   total 246784K, used 164488K [0x0000000080000000, 0x0000000100000000)
  region size 1024K, 6 young (6144K), 6 survivors (6144K)
 Metaspace       used 114964K, committed 117248K, reserved 1179648K
  class space    used 15544K, committed 16704K, reserved 1048576K
}
Event: 94.361 GC heap before
{Heap before GC invocations=54 (full 0):
 garbage-first heap   total 278528K, used 222856K [0x0000000080000000, 0x0000000100000000)
  region size 1024K, 64 young (65536K), 6 survivors (6144K)
 Metaspace       used 114964K, committed 117248K, reserved 1179648K
  class space    used 15544K, committed 16704K, reserved 1048576K
}
Event: 94.384 GC heap after
{Heap after GC invocations=55 (full 0):
 garbage-first heap   total 278528K, used 166771K [0x0000000080000000, 0x0000000100000000)
  region size 1024K, 6 young (6144K), 6 survivors (6144K)
 Metaspace       used 114964K, committed 117248K, reserved 1179648K
  class space    used 15544K, committed 16704K, reserved 1048576K
}
Event: 108.630 GC heap before
{Heap before GC invocations=55 (full 0):
 garbage-first heap   total 278528K, used 252787K [0x0000000080000000, 0x0000000100000000)
  region size 1024K, 90 young (92160K), 6 survivors (6144K)
 Metaspace       used 114964K, committed 117248K, reserved 1179648K
  class space    used 15544K, committed 16704K, reserved 1048576K
}
Event: 108.690 GC heap after
{Heap after GC invocations=56 (full 0):
 garbage-first heap   total 278528K, used 169355K [0x0000000080000000, 0x0000000100000000)
  region size 1024K, 10 young (10240K), 10 survivors (10240K)
 Metaspace       used 114964K, committed 117248K, reserved 1179648K
  class space    used 15544K, committed 16704K, reserved 1048576K
}

