# JRE version: OpenJDK Runtime Environment (21.0.3) (build 21.0.3+-12282718-b509.11)
# Java VM: OpenJDK 64-Bit Server VM (21.0.3+-12282718-b509.11, mixed mode, tiered, compressed oops, compressed class ptrs, g1 gc, windows-amd64)
GC Precious Log:
 CardTable entry size: 512
 Card Set container configuration: InlinePtr #cards 5 size 8 Array Of Cards #cards 12 size 40 Howl #buckets 4 coarsen threshold 1843 Howl Bitmap #cards 512 size 80 coarsen threshold 460 Card regions per heap region 1 cards per card region 2048
 CPUs: 4 total, 4 available
 Memory: 3503M
 Large Page Support: Disabled
 NUMA Support: Disabled
 Compressed Oops: Enabled (32-bit)
 Heap Region Size: 1M
 Heap Min Capacity: 8M
 Heap Initial Capacity: 56M
 Heap Max Capacity: 2G
 Pre-touch: Disabled
 Parallel Workers: 4
 Concurrent Workers: 1
 Concurrent Refinement Workers: 4
 Periodic GC: Disabled
Heap:
 garbage-first heap   total 455680K, used 283631K [0x0000000080000000, 0x0000000100000000)
  region size 1024K, 57 young (58368K), 6 survivors (6144K)
 Metaspace       used 207748K, committed 210560K, reserved 1245184K
  class space    used 26761K, committed 28160K, reserved 1048576K
GC Heap History (20 events):
Event: 259.694 GC heap before
{Heap before GC invocations=69 (full 0):
 garbage-first heap   total 299008K, used 264083K [0x0000000080000000, 0x0000000100000000)
  region size 1024K, 97 young (99328K), 12 survivors (12288K)
 Metaspace       used 184824K, committed 187392K, reserved 1245184K
  class space    used 23985K, committed 25280K, reserved 1048576K
}
Event: 259.937 GC heap after
{Heap after GC invocations=70 (full 0):
 garbage-first heap   total 299008K, used 179335K [0x0000000080000000, 0x0000000100000000)
  region size 1024K, 4 young (4096K), 4 survivors (4096K)
 Metaspace       used 184824K, committed 187392K, reserved 1245184K
  class space    used 23985K, committed 25280K, reserved 1048576K
}
Event: 263.838 GC heap before
{Heap before GC invocations=70 (full 0):
 garbage-first heap   total 299008K, used 201863K [0x0000000080000000, 0x0000000100000000)
  region size 1024K, 28 young (28672K), 4 survivors (4096K)
 Metaspace       used 186384K, committed 189056K, reserved 1245184K
  class space    used 24138K, committed 25472K, reserved 1048576K
}
Event: 263.974 GC heap after
{Heap after GC invocations=71 (full 0):
 garbage-first heap   total 299008K, used 175978K [0x0000000080000000, 0x0000000100000000)
  region size 1024K, 8 young (8192K), 8 survivors (8192K)
 Metaspace       used 186384K, committed 189056K, reserved 1245184K
  class space    used 24138K, committed 25472K, reserved 1048576K
}
Event: 288.055 GC heap before
{Heap before GC invocations=72 (full 0):
 garbage-first heap   total 309248K, used 285546K [0x0000000080000000, 0x0000000100000000)
  region size 1024K, 97 young (99328K), 8 survivors (8192K)
 Metaspace       used 193848K, committed 196544K, reserved 1245184K
  class space    used 25075K, committed 26432K, reserved 1048576K
}
Event: 288.184 GC heap after
{Heap after GC invocations=73 (full 0):
 garbage-first heap   total 309248K, used 200962K [0x0000000080000000, 0x0000000100000000)
  region size 1024K, 13 young (13312K), 13 survivors (13312K)
 Metaspace       used 193848K, committed 196544K, reserved 1245184K
  class space    used 25075K, committed 26432K, reserved 1048576K
}
Event: 292.186 GC heap before
{Heap before GC invocations=73 (full 0):
 garbage-first heap   total 309248K, used 277762K [0x0000000080000000, 0x0000000100000000)
  region size 1024K, 89 young (91136K), 13 survivors (13312K)
 Metaspace       used 193848K, committed 196544K, reserved 1245184K
  class space    used 25075K, committed 26432K, reserved 1048576K
}
Event: 292.261 GC heap after
{Heap after GC invocations=74 (full 0):
 garbage-first heap   total 309248K, used 204468K [0x0000000080000000, 0x0000000100000000)
  region size 1024K, 6 young (6144K), 6 survivors (6144K)
 Metaspace       used 193848K, committed 196544K, reserved 1245184K
  class space    used 25075K, committed 26432K, reserved 1048576K
}
Event: 301.977 GC heap before
{Heap before GC invocations=74 (full 0):
 garbage-first heap   total 309248K, used 283316K [0x0000000080000000, 0x0000000100000000)
  region size 1024K, 83 young (84992K), 6 survivors (6144K)
 Metaspace       used 193849K, committed 196544K, reserved 1245184K
  class space    used 25075K, committed 26432K, reserved 1048576K
}
Event: 302.164 GC heap after
{Heap after GC invocations=75 (full 0):
 garbage-first heap   total 309248K, used 207474K [0x0000000080000000, 0x0000000100000000)
  region size 1024K, 7 young (7168K), 7 survivors (7168K)
 Metaspace       used 193849K, committed 196544K, reserved 1245184K
  class space    used 25075K, committed 26432K, reserved 1048576K
}
Event: 320.693 GC heap before
{Heap before GC invocations=75 (full 0):
 garbage-first heap   total 309248K, used 285298K [0x0000000080000000, 0x0000000100000000)
  region size 1024K, 83 young (84992K), 7 survivors (7168K)
 Metaspace       used 193849K, committed 196544K, reserved 1245184K
  class space    used 25075K, committed 26432K, reserved 1048576K
}
Event: 320.794 GC heap after
{Heap after GC invocations=76 (full 0):
 garbage-first heap   total 309248K, used 211535K [0x0000000080000000, 0x0000000100000000)
  region size 1024K, 7 young (7168K), 7 survivors (7168K)
 Metaspace       used 193849K, committed 196544K, reserved 1245184K
  class space    used 25075K, committed 26432K, reserved 1048576K
}
Event: 324.199 GC heap before
{Heap before GC invocations=76 (full 0):
 garbage-first heap   total 455680K, used 278095K [0x0000000080000000, 0x0000000100000000)
  region size 1024K, 72 young (73728K), 7 survivors (7168K)
 Metaspace       used 193849K, committed 196544K, reserved 1245184K
  class space    used 25075K, committed 26432K, reserved 1048576K
}
Event: 324.253 GC heap after
{Heap after GC invocations=77 (full 0):
 garbage-first heap   total 455680K, used 214218K [0x0000000080000000, 0x0000000100000000)
  region size 1024K, 6 young (6144K), 6 survivors (6144K)
 Metaspace       used 193849K, committed 196544K, reserved 1245184K
  class space    used 25075K, committed 26432K, reserved 1048576K
}
Event: 335.235 GC heap before
{Heap before GC invocations=78 (full 0):
 garbage-first heap   total 455680K, used 408778K [0x0000000080000000, 0x0000000100000000)
  region size 1024K, 195 young (199680K), 6 survivors (6144K)
 Metaspace       used 195845K, committed 198528K, reserved 1245184K
  class space    used 25221K, committed 26560K, reserved 1048576K
}
Event: 335.457 GC heap after
{Heap after GC invocations=79 (full 0):
 garbage-first heap   total 455680K, used 223341K [0x0000000080000000, 0x0000000100000000)
  region size 1024K, 15 young (15360K), 15 survivors (15360K)
 Metaspace       used 195845K, committed 198528K, reserved 1245184K
  class space    used 25221K, committed 26560K, reserved 1048576K
}
Event: 370.879 GC heap before
{Heap before GC invocations=79 (full 0):
 garbage-first heap   total 455680K, used 312429K [0x0000000080000000, 0x0000000100000000)
  region size 1024K, 102 young (104448K), 15 survivors (15360K)
 Metaspace       used 204972K, committed 207744K, reserved 1245184K
  class space    used 26462K, committed 27840K, reserved 1048576K
}
Event: 371.391 GC heap after
{Heap after GC invocations=80 (full 0):
 garbage-first heap   total 455680K, used 227141K [0x0000000080000000, 0x0000000100000000)
  region size 1024K, 5 young (5120K), 5 survivors (5120K)
 Metaspace       used 204972K, committed 207744K, reserved 1245184K
  class space    used 26462K, committed 27840K, reserved 1048576K
}
Event: 394.731 GC heap before
{Heap before GC invocations=80 (full 0):
 garbage-first heap   total 455680K, used 269125K [0x0000000080000000, 0x0000000100000000)
  region size 1024K, 46 young (47104K), 5 survivors (5120K)
 Metaspace       used 206610K, committed 209408K, reserved 1245184K
  class space    used 26638K, committed 28032K, reserved 1048576K
}
Event: 394.887 GC heap after
{Heap after GC invocations=81 (full 0):
 garbage-first heap   total 455680K, used 232431K [0x0000000080000000, 0x0000000100000000)
  region size 1024K, 6 young (6144K), 6 survivors (6144K)
 Metaspace       used 206610K, committed 209408K, reserved 1245184K
  class space    used 26638K, committed 28032K, reserved 1048576K
}

