# JRE version: OpenJDK Runtime Environment (21.0.3) (build 21.0.3+-12282718-b509.11)
# Java VM: OpenJDK 64-Bit Server VM (21.0.3+-12282718-b509.11, mixed mode, tiered, compressed oops, compressed class ptrs, g1 gc, windows-amd64)
GC Precious Log:
 CardTable entry size: 512
 Card Set container configuration: InlinePtr #cards 5 size 8 Array Of Cards #cards 12 size 40 Howl #buckets 4 coarsen threshold 1843 Howl Bitmap #cards 512 size 80 coarsen threshold 460 Card regions per heap region 1 cards per card region 2048
 CPUs: 4 total, 4 available
 Memory: 3503M
 Large Page Support: Disabled
 NUMA Support: Disabled
 Compressed Oops: Enabled (32-bit)
 Heap Region Size: 1M
 Heap Min Capacity: 8M
 Heap Initial Capacity: 56M
 Heap Max Capacity: 2G
 Pre-touch: Disabled
 Parallel Workers: 4
 Concurrent Workers: 1
 Concurrent Refinement Workers: 4
 Periodic GC: Disabled
Heap:
 garbage-first heap   total 304128K, used 198116K [0x0000000080000000, 0x0000000100000000)
  region size 1024K, 43 young (44032K), 14 survivors (14336K)
 Metaspace       used 114878K, committed 117184K, reserved 1179648K
  class space    used 15550K, committed 16704K, reserved 1048576K
GC Heap History (20 events):
Event: 53.287 GC heap before
{Heap before GC invocations=42 (full 0):
 garbage-first heap   total 188416K, used 174028K [0x0000000080000000, 0x0000000100000000)
  region size 1024K, 59 young (60416K), 3 survivors (3072K)
 Metaspace       used 94386K, committed 96320K, reserved 1179648K
  class space    used 12669K, committed 13632K, reserved 1048576K
}
Event: 53.301 GC heap after
{Heap after GC invocations=43 (full 0):
 garbage-first heap   total 188416K, used 118784K [0x0000000080000000, 0x0000000100000000)
  region size 1024K, 5 young (5120K), 5 survivors (5120K)
 Metaspace       used 94386K, committed 96320K, reserved 1179648K
  class space    used 12669K, committed 13632K, reserved 1048576K
}
Event: 57.258 GC heap before
{Heap before GC invocations=44 (full 0):
 garbage-first heap   total 201728K, used 175104K [0x0000000080000000, 0x0000000100000000)
  region size 1024K, 57 young (58368K), 5 survivors (5120K)
 Metaspace       used 96515K, committed 98496K, reserved 1179648K
  class space    used 12976K, committed 13952K, reserved 1048576K
}
Event: 57.365 GC heap after
{Heap after GC invocations=45 (full 0):
 garbage-first heap   total 201728K, used 125060K [0x0000000080000000, 0x0000000100000000)
  region size 1024K, 6 young (6144K), 6 survivors (6144K)
 Metaspace       used 96515K, committed 98496K, reserved 1179648K
  class space    used 12976K, committed 13952K, reserved 1048576K
}
Event: 66.838 GC heap before
{Heap before GC invocations=45 (full 0):
 garbage-first heap   total 201728K, used 184452K [0x0000000080000000, 0x0000000100000000)
  region size 1024K, 63 young (64512K), 6 survivors (6144K)
 Metaspace       used 100966K, committed 103040K, reserved 1179648K
  class space    used 13654K, committed 14656K, reserved 1048576K
}
Event: 66.872 GC heap after
{Heap after GC invocations=46 (full 0):
 garbage-first heap   total 201728K, used 126683K [0x0000000080000000, 0x0000000100000000)
  region size 1024K, 5 young (5120K), 5 survivors (5120K)
 Metaspace       used 100966K, committed 103040K, reserved 1179648K
  class space    used 13654K, committed 14656K, reserved 1048576K
}
Event: 69.052 GC heap before
{Heap before GC invocations=46 (full 0):
 garbage-first heap   total 201728K, used 185051K [0x0000000080000000, 0x0000000100000000)
  region size 1024K, 62 young (63488K), 5 survivors (5120K)
 Metaspace       used 105264K, committed 107328K, reserved 1179648K
  class space    used 14348K, committed 15360K, reserved 1048576K
}
Event: 69.071 GC heap after
{Heap after GC invocations=47 (full 0):
 garbage-first heap   total 201728K, used 129452K [0x0000000080000000, 0x0000000100000000)
  region size 1024K, 5 young (5120K), 5 survivors (5120K)
 Metaspace       used 105264K, committed 107328K, reserved 1179648K
  class space    used 14348K, committed 15360K, reserved 1048576K
}
Event: 72.830 GC heap before
{Heap before GC invocations=48 (full 0):
 garbage-first heap   total 225280K, used 203180K [0x0000000080000000, 0x0000000100000000)
  region size 1024K, 59 young (60416K), 5 survivors (5120K)
 Metaspace       used 110215K, committed 112384K, reserved 1179648K
  class space    used 14906K, committed 15936K, reserved 1048576K
}
Event: 72.848 GC heap after
{Heap after GC invocations=49 (full 0):
 garbage-first heap   total 225280K, used 151926K [0x0000000080000000, 0x0000000100000000)
  region size 1024K, 8 young (8192K), 8 survivors (8192K)
 Metaspace       used 110215K, committed 112384K, reserved 1179648K
  class space    used 14906K, committed 15936K, reserved 1048576K
}
Event: 84.916 GC heap before
{Heap before GC invocations=49 (full 0):
 garbage-first heap   total 225280K, used 205174K [0x0000000080000000, 0x0000000100000000)
  region size 1024K, 60 young (61440K), 8 survivors (8192K)
 Metaspace       used 114869K, committed 117184K, reserved 1179648K
  class space    used 15550K, committed 16704K, reserved 1048576K
}
Event: 85.209 GC heap after
{Heap after GC invocations=50 (full 0):
 garbage-first heap   total 225280K, used 156175K [0x0000000080000000, 0x0000000100000000)
  region size 1024K, 6 young (6144K), 6 survivors (6144K)
 Metaspace       used 114869K, committed 117184K, reserved 1179648K
  class space    used 15550K, committed 16704K, reserved 1048576K
}
Event: 86.178 GC heap before
{Heap before GC invocations=50 (full 0):
 garbage-first heap   total 225280K, used 207375K [0x0000000080000000, 0x0000000100000000)
  region size 1024K, 56 young (57344K), 6 survivors (6144K)
 Metaspace       used 114873K, committed 117184K, reserved 1179648K
  class space    used 15550K, committed 16704K, reserved 1048576K
}
Event: 86.196 GC heap after
{Heap after GC invocations=51 (full 0):
 garbage-first heap   total 225280K, used 159061K [0x0000000080000000, 0x0000000100000000)
  region size 1024K, 5 young (5120K), 5 survivors (5120K)
 Metaspace       used 114873K, committed 117184K, reserved 1179648K
  class space    used 15550K, committed 16704K, reserved 1048576K
}
Event: 87.314 GC heap before
{Heap before GC invocations=52 (full 0):
 garbage-first heap   total 304128K, used 203093K [0x0000000080000000, 0x0000000100000000)
  region size 1024K, 48 young (49152K), 5 survivors (5120K)
 Metaspace       used 114873K, committed 117184K, reserved 1179648K
  class space    used 15550K, committed 16704K, reserved 1048576K
}
Event: 87.330 GC heap after
{Heap after GC invocations=53 (full 0):
 garbage-first heap   total 304128K, used 161792K [0x0000000080000000, 0x0000000100000000)
  region size 1024K, 5 young (5120K), 5 survivors (5120K)
 Metaspace       used 114873K, committed 117184K, reserved 1179648K
  class space    used 15550K, committed 16704K, reserved 1048576K
}
Event: 101.207 GC heap before
{Heap before GC invocations=53 (full 0):
 garbage-first heap   total 304128K, used 273408K [0x0000000080000000, 0x0000000100000000)
  region size 1024K, 115 young (117760K), 5 survivors (5120K)
 Metaspace       used 114878K, committed 117184K, reserved 1179648K
  class space    used 15550K, committed 16704K, reserved 1048576K
}
Event: 101.636 GC heap after
{Heap after GC invocations=54 (full 0):
 garbage-first heap   total 304128K, used 162630K [0x0000000080000000, 0x0000000100000000)
  region size 1024K, 7 young (7168K), 7 survivors (7168K)
 Metaspace       used 114878K, committed 117184K, reserved 1179648K
  class space    used 15550K, committed 16704K, reserved 1048576K
}
Event: 111.315 GC heap before
{Heap before GC invocations=54 (full 0):
 garbage-first heap   total 304128K, used 277318K [0x0000000080000000, 0x0000000100000000)
  region size 1024K, 119 young (121856K), 7 survivors (7168K)
 Metaspace       used 114878K, committed 117184K, reserved 1179648K
  class space    used 15550K, committed 16704K, reserved 1048576K
}
Event: 111.407 GC heap after
{Heap after GC invocations=55 (full 0):
 garbage-first heap   total 304128K, used 169444K [0x0000000080000000, 0x0000000100000000)
  region size 1024K, 14 young (14336K), 14 survivors (14336K)
 Metaspace       used 114878K, committed 117184K, reserved 1179648K
  class space    used 15550K, committed 16704K, reserved 1048576K
}

